module.js:471
    throw err;
    ^

Error: Cannot find module 'lodash'
    at Function.Module._resolveFilename (module.js:469:15)
    at Function.Module._load (module.js:417:25)
    at Module.require (module.js:497:17)
    at require (internal/module.js:20:19)
    at Object.<anonymous> (/home/hellomoto/bitcore-wallet-service/emailservice/emailservice.js:5:9)
    at Module._compile (module.js:570:32)
    at Object.Module._extensions..js (module.js:579:10)
    at Module.load (module.js:487:32)
    at tryModuleLoad (module.js:446:12)
    at Function.Module._load (module.js:438:3)
module.js:471
    throw err;
    ^

Error: Cannot find module 'lodash'
    at Function.Module._resolveFilename (module.js:469:15)
    at Function.Module._load (module.js:417:25)
    at Module.require (module.js:497:17)
    at require (internal/module.js:20:19)
    at Object.<anonymous> (/home/hellomoto/bitcore-wallet-service/emailservice/emailservice.js:5:9)
    at Module._compile (module.js:570:32)
    at Object.Module._extensions..js (module.js:579:10)
    at Module.load (module.js:487:32)
    at tryModuleLoad (module.js:446:12)
    at Function.Module._load (module.js:438:3)
/home/hellomoto/bitcore-wallet-service/lib/emailservice.js:80
  self.defaultLanguage = opts.emailOpts.defaultLanguage || 'en';
                                       ^

TypeError: Cannot read property 'defaultLanguage' of undefined
    at EmailService.start (/home/hellomoto/bitcore-wallet-service/lib/emailservice.js:80:40)
    at Object.<anonymous> (/home/hellomoto/bitcore-wallet-service/emailservice/emailservice.js:13:14)
    at Module._compile (module.js:570:32)
    at Object.Module._extensions..js (module.js:579:10)
    at Module.load (module.js:487:32)
    at tryModuleLoad (module.js:446:12)
    at Function.Module._load (module.js:438:3)
    at Module.runMain (module.js:604:10)
    at run (bootstrap_node.js:383:7)
    at startup (bootstrap_node.js:149:9)
/home/hellomoto/bitcore-wallet-service/lib/emailservice.js:80
  self.defaultLanguage = opts.emailOpts.defaultLanguage || 'en';
                                       ^

TypeError: Cannot read property 'defaultLanguage' of undefined
    at EmailService.start (/home/hellomoto/bitcore-wallet-service/lib/emailservice.js:80:40)
    at Object.<anonymous> (/home/hellomoto/bitcore-wallet-service/emailservice/emailservice.js:13:14)
    at Module._compile (module.js:570:32)
    at Object.Module._extensions..js (module.js:579:10)
    at Module.load (module.js:487:32)
    at tryModuleLoad (module.js:446:12)
    at Function.Module._load (module.js:438:3)
    at Module.runMain (module.js:604:10)
    at run (bootstrap_node.js:383:7)
    at startup (bootstrap_node.js:149:9)
/home/hellomoto/bitcore-wallet-service/lib/emailservice.js:80
  self.defaultLanguage = opts.emailOpts.defaultLanguage || 'en';
                                       ^

TypeError: Cannot read property 'defaultLanguage' of undefined
    at EmailService.start (/home/hellomoto/bitcore-wallet-service/lib/emailservice.js:80:40)
    at Object.<anonymous> (/home/hellomoto/bitcore-wallet-service/emailservice/emailservice.js:13:14)
    at Module._compile (module.js:570:32)
    at Object.Module._extensions..js (module.js:579:10)
    at Module.load (module.js:487:32)
    at tryModuleLoad (module.js:446:12)
    at Function.Module._load (module.js:438:3)
    at Module.runMain (module.js:604:10)
    at run (bootstrap_node.js:383:7)
    at startup (bootstrap_node.js:149:9)
/home/hellomoto/bitcore-wallet-service/lib/emailservice.js:80
  self.defaultLanguage = opts.emailOpts.defaultLanguage || 'en';
                                       ^

TypeError: Cannot read property 'defaultLanguage' of undefined
    at EmailService.start (/home/hellomoto/bitcore-wallet-service/lib/emailservice.js:80:40)
    at Object.<anonymous> (/home/hellomoto/bitcore-wallet-service/emailservice/emailservice.js:13:14)
    at Module._compile (module.js:570:32)
    at Object.Module._extensions..js (module.js:579:10)
    at Module.load (module.js:487:32)
    at tryModuleLoad (module.js:446:12)
    at Function.Module._load (module.js:438:3)
    at Module.runMain (module.js:604:10)
    at run (bootstrap_node.js:383:7)
    at startup (bootstrap_node.js:149:9)
/home/hellomoto/bitcore-wallet-service/lib/emailservice.js:80
  self.defaultLanguage = opts.emailOpts.defaultLanguage || 'en';
                                       ^

TypeError: Cannot read property 'defaultLanguage' of undefined
    at EmailService.start (/home/hellomoto/bitcore-wallet-service/lib/emailservice.js:80:40)
    at Object.<anonymous> (/home/hellomoto/bitcore-wallet-service/emailservice/emailservice.js:13:14)
    at Module._compile (module.js:570:32)
    at Object.Module._extensions..js (module.js:579:10)
    at Module.load (module.js:487:32)
    at tryModuleLoad (module.js:446:12)
    at Function.Module._load (module.js:438:3)
    at Module.runMain (module.js:604:10)
    at run (bootstrap_node.js:383:7)
    at startup (bootstrap_node.js:149:9)
/home/hellomoto/bitcore-wallet-service/lib/emailservice.js:80
  self.defaultLanguage = opts.emailOpts.defaultLanguage || 'en';
                                       ^

TypeError: Cannot read property 'defaultLanguage' of undefined
    at EmailService.start (/home/hellomoto/bitcore-wallet-service/lib/emailservice.js:80:40)
    at Object.<anonymous> (/home/hellomoto/bitcore-wallet-service/emailservice/emailservice.js:13:14)
    at Module._compile (module.js:570:32)
    at Object.Module._extensions..js (module.js:579:10)
    at Module.load (module.js:487:32)
    at tryModuleLoad (module.js:446:12)
    at Function.Module._load (module.js:438:3)
    at Module.runMain (module.js:604:10)
    at run (bootstrap_node.js:383:7)
    at startup (bootstrap_node.js:149:9)
/home/hellomoto/bitcore-wallet-service/lib/emailservice.js:80
  self.defaultLanguage = opts.emailOpts.defaultLanguage || 'en';
                                       ^

TypeError: Cannot read property 'defaultLanguage' of undefined
    at EmailService.start (/home/hellomoto/bitcore-wallet-service/lib/emailservice.js:80:40)
    at Object.<anonymous> (/home/hellomoto/bitcore-wallet-service/emailservice/emailservice.js:13:14)
    at Module._compile (module.js:570:32)
    at Object.Module._extensions..js (module.js:579:10)
    at Module.load (module.js:487:32)
    at tryModuleLoad (module.js:446:12)
    at Function.Module._load (module.js:438:3)
    at Module.runMain (module.js:604:10)
    at run (bootstrap_node.js:383:7)
    at startup (bootstrap_node.js:149:9)
/home/hellomoto/bitcore-wallet-service/lib/emailservice.js:80
  self.defaultLanguage = opts.emailOpts.defaultLanguage || 'en';
                                       ^

TypeError: Cannot read property 'defaultLanguage' of undefined
    at EmailService.start (/home/hellomoto/bitcore-wallet-service/lib/emailservice.js:80:40)
    at Object.<anonymous> (/home/hellomoto/bitcore-wallet-service/emailservice/emailservice.js:13:14)
    at Module._compile (module.js:570:32)
    at Object.Module._extensions..js (module.js:579:10)
    at Module.load (module.js:487:32)
    at tryModuleLoad (module.js:446:12)
    at Function.Module._load (module.js:438:3)
    at Module.runMain (module.js:604:10)
    at run (bootstrap_node.js:383:7)
    at startup (bootstrap_node.js:149:9)
/home/hellomoto/bitcore-wallet-service/lib/emailservice.js:80
  self.defaultLanguage = opts.emailOpts.defaultLanguage || 'en';
                                       ^

TypeError: Cannot read property 'defaultLanguage' of undefined
    at EmailService.start (/home/hellomoto/bitcore-wallet-service/lib/emailservice.js:80:40)
    at Object.<anonymous> (/home/hellomoto/bitcore-wallet-service/emailservice/emailservice.js:13:14)
    at Module._compile (module.js:570:32)
    at Object.Module._extensions..js (module.js:579:10)
    at Module.load (module.js:487:32)
    at tryModuleLoad (module.js:446:12)
    at Function.Module._load (module.js:438:3)
    at Module.runMain (module.js:604:10)
    at run (bootstrap_node.js:383:7)
    at startup (bootstrap_node.js:149:9)
/home/hellomoto/bitcore-wallet-service/lib/emailservice.js:80
  self.defaultLanguage = opts.emailOpts.defaultLanguage || 'en';
                                       ^

TypeError: Cannot read property 'defaultLanguage' of undefined
    at EmailService.start (/home/hellomoto/bitcore-wallet-service/lib/emailservice.js:80:40)
    at Object.<anonymous> (/home/hellomoto/bitcore-wallet-service/emailservice/emailservice.js:13:14)
    at Module._compile (module.js:570:32)
    at Object.Module._extensions..js (module.js:579:10)
    at Module.load (module.js:487:32)
    at tryModuleLoad (module.js:446:12)
    at Function.Module._load (module.js:438:3)
    at Module.runMain (module.js:604:10)
    at run (bootstrap_node.js:383:7)
    at startup (bootstrap_node.js:149:9)
/home/hellomoto/bitcore-wallet-service/lib/emailservice.js:80
  self.defaultLanguage = opts.emailOpts.defaultLanguage || 'en';
                                       ^

TypeError: Cannot read property 'defaultLanguage' of undefined
    at EmailService.start (/home/hellomoto/bitcore-wallet-service/lib/emailservice.js:80:40)
    at Object.<anonymous> (/home/hellomoto/bitcore-wallet-service/emailservice/emailservice.js:13:14)
    at Module._compile (module.js:570:32)
    at Object.Module._extensions..js (module.js:579:10)
    at Module.load (module.js:487:32)
    at tryModuleLoad (module.js:446:12)
    at Function.Module._load (module.js:438:3)
    at Module.runMain (module.js:604:10)
    at run (bootstrap_node.js:383:7)
    at startup (bootstrap_node.js:149:9)
/home/hellomoto/bitcore-wallet-service/lib/emailservice.js:80
  self.defaultLanguage = opts.emailOpts.defaultLanguage || 'en';
                                       ^

TypeError: Cannot read property 'defaultLanguage' of undefined
    at EmailService.start (/home/hellomoto/bitcore-wallet-service/lib/emailservice.js:80:40)
    at Object.<anonymous> (/home/hellomoto/bitcore-wallet-service/emailservice/emailservice.js:13:14)
    at Module._compile (module.js:570:32)
    at Object.Module._extensions..js (module.js:579:10)
    at Module.load (module.js:487:32)
    at tryModuleLoad (module.js:446:12)
    at Function.Module._load (module.js:438:3)
    at Module.runMain (module.js:604:10)
    at run (bootstrap_node.js:383:7)
    at startup (bootstrap_node.js:149:9)
/home/hellomoto/bitcore-wallet-service/lib/emailservice.js:80
  self.defaultLanguage = opts.emailOpts.defaultLanguage || 'en';
                                       ^

TypeError: Cannot read property 'defaultLanguage' of undefined
    at EmailService.start (/home/hellomoto/bitcore-wallet-service/lib/emailservice.js:80:40)
    at Object.<anonymous> (/home/hellomoto/bitcore-wallet-service/emailservice/emailservice.js:13:14)
    at Module._compile (module.js:570:32)
    at Object.Module._extensions..js (module.js:579:10)
    at Module.load (module.js:487:32)
    at tryModuleLoad (module.js:446:12)
    at Function.Module._load (module.js:438:3)
    at Module.runMain (module.js:604:10)
    at run (bootstrap_node.js:383:7)
    at startup (bootstrap_node.js:149:9)
/home/hellomoto/bitcore-wallet-service/node_modules/bitcore-lib/lib/networks.js:1
(function (exports, require, module, __filename, __dirname) { \'use strict';
                                                              ^

SyntaxError: Invalid or unexpected token
    at createScript (vm.js:56:10)
    at Object.runInThisContext (vm.js:97:10)
    at Module._compile (module.js:542:28)
    at Object.Module._extensions..js (module.js:579:10)
    at Module.load (module.js:487:32)
    at tryModuleLoad (module.js:446:12)
    at Function.Module._load (module.js:438:3)
    at Module.require (module.js:497:17)
    at require (internal/module.js:20:19)
    at Object.<anonymous> (/home/hellomoto/bitcore-wallet-service/node_modules/bitcore-lib/lib/publickey.js:7:15)
/home/hellomoto/bitcore-wallet-service/node_modules/bitcore-lib/lib/networks.js:1
(function (exports, require, module, __filename, __dirname) { \'use strict';
                                                              ^

SyntaxError: Invalid or unexpected token
    at createScript (vm.js:56:10)
    at Object.runInThisContext (vm.js:97:10)
    at Module._compile (module.js:542:28)
    at Object.Module._extensions..js (module.js:579:10)
    at Module.load (module.js:487:32)
    at tryModuleLoad (module.js:446:12)
    at Function.Module._load (module.js:438:3)
    at Module.require (module.js:497:17)
    at require (internal/module.js:20:19)
    at Object.<anonymous> (/home/hellomoto/bitcore-wallet-service/node_modules/bitcore-lib/lib/publickey.js:7:15)
/home/hellomoto/bitcore-wallet-service/lib/emailservice.js:80
  self.defaultLanguage = opts.emailOpts.defaultLanguage || 'en';
                                       ^

TypeError: Cannot read property 'defaultLanguage' of undefined
    at EmailService.start (/home/hellomoto/bitcore-wallet-service/lib/emailservice.js:80:40)
    at Object.<anonymous> (/home/hellomoto/bitcore-wallet-service/emailservice/emailservice.js:13:14)
    at Module._compile (module.js:570:32)
    at Object.Module._extensions..js (module.js:579:10)
    at Module.load (module.js:487:32)
    at tryModuleLoad (module.js:446:12)
    at Function.Module._load (module.js:438:3)
    at Module.runMain (module.js:604:10)
    at run (bootstrap_node.js:383:7)
    at startup (bootstrap_node.js:149:9)
/home/hellomoto/bitcore-wallet-service/lib/emailservice.js:80
  self.defaultLanguage = opts.emailOpts.defaultLanguage || 'en';
                                       ^

TypeError: Cannot read property 'defaultLanguage' of undefined
    at EmailService.start (/home/hellomoto/bitcore-wallet-service/lib/emailservice.js:80:40)
    at Object.<anonymous> (/home/hellomoto/bitcore-wallet-service/emailservice/emailservice.js:13:14)
    at Module._compile (module.js:570:32)
    at Object.Module._extensions..js (module.js:579:10)
    at Module.load (module.js:487:32)
    at tryModuleLoad (module.js:446:12)
    at Function.Module._load (module.js:438:3)
    at Module.runMain (module.js:604:10)
    at run (bootstrap_node.js:383:7)
    at startup (bootstrap_node.js:149:9)
/home/hellomoto/bitcore-wallet-service/lib/emailservice.js:80
  self.defaultLanguage = opts.emailOpts.defaultLanguage || 'en';
                                       ^

TypeError: Cannot read property 'defaultLanguage' of undefined
    at EmailService.start (/home/hellomoto/bitcore-wallet-service/lib/emailservice.js:80:40)
    at Object.<anonymous> (/home/hellomoto/bitcore-wallet-service/emailservice/emailservice.js:13:14)
    at Module._compile (module.js:570:32)
    at Object.Module._extensions..js (module.js:579:10)
    at Module.load (module.js:487:32)
    at tryModuleLoad (module.js:446:12)
    at Function.Module._load (module.js:438:3)
    at Module.runMain (module.js:604:10)
    at run (bootstrap_node.js:383:7)
    at startup (bootstrap_node.js:149:9)
/home/hellomoto/bitcore-wallet-service/lib/emailservice.js:80
  self.defaultLanguage = opts.emailOpts.defaultLanguage || 'en';
                                       ^

TypeError: Cannot read property 'defaultLanguage' of undefined
    at EmailService.start (/home/hellomoto/bitcore-wallet-service/lib/emailservice.js:80:40)
    at Object.<anonymous> (/home/hellomoto/bitcore-wallet-service/emailservice/emailservice.js:13:14)
    at Module._compile (module.js:570:32)
    at Object.Module._extensions..js (module.js:579:10)
    at Module.load (module.js:487:32)
    at tryModuleLoad (module.js:446:12)
    at Function.Module._load (module.js:438:3)
    at Module.runMain (module.js:604:10)
    at run (bootstrap_node.js:383:7)
    at startup (bootstrap_node.js:149:9)
/home/hellomoto/bitcore-wallet-service/lib/emailservice.js:80
  self.defaultLanguage = opts.emailOpts.defaultLanguage || 'en';
                                       ^

TypeError: Cannot read property 'defaultLanguage' of undefined
    at EmailService.start (/home/hellomoto/bitcore-wallet-service/lib/emailservice.js:80:40)
    at Object.<anonymous> (/home/hellomoto/bitcore-wallet-service/emailservice/emailservice.js:13:14)
    at Module._compile (module.js:570:32)
    at Object.Module._extensions..js (module.js:579:10)
    at Module.load (module.js:487:32)
    at tryModuleLoad (module.js:446:12)
    at Function.Module._load (module.js:438:3)
    at Module.runMain (module.js:604:10)
    at run (bootstrap_node.js:383:7)
    at startup (bootstrap_node.js:149:9)
/home/hellomoto/bitcore-wallet-service/lib/emailservice.js:80
  self.defaultLanguage = opts.emailOpts.defaultLanguage || 'en';
                                       ^

TypeError: Cannot read property 'defaultLanguage' of undefined
    at EmailService.start (/home/hellomoto/bitcore-wallet-service/lib/emailservice.js:80:40)
    at Object.<anonymous> (/home/hellomoto/bitcore-wallet-service/emailservice/emailservice.js:13:14)
    at Module._compile (module.js:570:32)
    at Object.Module._extensions..js (module.js:579:10)
    at Module.load (module.js:487:32)
    at tryModuleLoad (module.js:446:12)
    at Function.Module._load (module.js:438:3)
    at Module.runMain (module.js:604:10)
    at run (bootstrap_node.js:383:7)
    at startup (bootstrap_node.js:149:9)
/home/hellomoto/bitcore-wallet-service/lib/emailservice.js:80
  self.defaultLanguage = opts.emailOpts.defaultLanguage || 'en';
                                       ^

TypeError: Cannot read property 'defaultLanguage' of undefined
    at EmailService.start (/home/hellomoto/bitcore-wallet-service/lib/emailservice.js:80:40)
    at Object.<anonymous> (/home/hellomoto/bitcore-wallet-service/emailservice/emailservice.js:13:14)
    at Module._compile (module.js:570:32)
    at Object.Module._extensions..js (module.js:579:10)
    at Module.load (module.js:487:32)
    at tryModuleLoad (module.js:446:12)
    at Function.Module._load (module.js:438:3)
    at Module.runMain (module.js:604:10)
    at run (bootstrap_node.js:383:7)
    at startup (bootstrap_node.js:149:9)
/home/hellomoto/bitcore-wallet-service/lib/emailservice.js:80
  self.defaultLanguage = opts.emailOpts.defaultLanguage || 'en';
                                       ^

TypeError: Cannot read property 'defaultLanguage' of undefined
    at EmailService.start (/home/hellomoto/bitcore-wallet-service/lib/emailservice.js:80:40)
    at Object.<anonymous> (/home/hellomoto/bitcore-wallet-service/emailservice/emailservice.js:13:14)
    at Module._compile (module.js:570:32)
    at Object.Module._extensions..js (module.js:579:10)
    at Module.load (module.js:487:32)
    at tryModuleLoad (module.js:446:12)
    at Function.Module._load (module.js:438:3)
    at Module.runMain (module.js:604:10)
    at run (bootstrap_node.js:383:7)
    at startup (bootstrap_node.js:149:9)
/home/hellomoto/bitcore-wallet-service/lib/emailservice.js:80
  self.defaultLanguage = opts.emailOpts.defaultLanguage || 'en';
                                       ^

TypeError: Cannot read property 'defaultLanguage' of undefined
    at EmailService.start (/home/hellomoto/bitcore-wallet-service/lib/emailservice.js:80:40)
    at Object.<anonymous> (/home/hellomoto/bitcore-wallet-service/emailservice/emailservice.js:13:14)
    at Module._compile (module.js:570:32)
    at Object.Module._extensions..js (module.js:579:10)
    at Module.load (module.js:487:32)
    at tryModuleLoad (module.js:446:12)
    at Function.Module._load (module.js:438:3)
    at Module.runMain (module.js:604:10)
    at run (bootstrap_node.js:383:7)
    at startup (bootstrap_node.js:149:9)
/home/hellomoto/bitcore-wallet-service/lib/emailservice.js:80
  self.defaultLanguage = opts.emailOpts.defaultLanguage || 'en';
                                       ^

TypeError: Cannot read property 'defaultLanguage' of undefined
    at EmailService.start (/home/hellomoto/bitcore-wallet-service/lib/emailservice.js:80:40)
    at Object.<anonymous> (/home/hellomoto/bitcore-wallet-service/emailservice/emailservice.js:13:14)
    at Module._compile (module.js:570:32)
    at Object.Module._extensions..js (module.js:579:10)
    at Module.load (module.js:487:32)
    at tryModuleLoad (module.js:446:12)
    at Function.Module._load (module.js:438:3)
    at Module.runMain (module.js:604:10)
    at run (bootstrap_node.js:383:7)
    at startup (bootstrap_node.js:149:9)
/home/hellomoto/bitcore-wallet-service/lib/emailservice.js:80
  self.defaultLanguage = opts.emailOpts.defaultLanguage || 'en';
                                       ^

TypeError: Cannot read property 'defaultLanguage' of undefined
    at EmailService.start (/home/hellomoto/bitcore-wallet-service/lib/emailservice.js:80:40)
    at Object.<anonymous> (/home/hellomoto/bitcore-wallet-service/emailservice/emailservice.js:13:14)
    at Module._compile (module.js:570:32)
    at Object.Module._extensions..js (module.js:579:10)
    at Module.load (module.js:487:32)
    at tryModuleLoad (module.js:446:12)
    at Function.Module._load (module.js:438:3)
    at Module.runMain (module.js:604:10)
    at run (bootstrap_node.js:383:7)
    at startup (bootstrap_node.js:149:9)
/home/hellomoto/bitcore-wallet-service/lib/emailservice.js:80
  self.defaultLanguage = opts.emailOpts.defaultLanguage || 'en';
                                       ^

TypeError: Cannot read property 'defaultLanguage' of undefined
    at EmailService.start (/home/hellomoto/bitcore-wallet-service/lib/emailservice.js:80:40)
    at Object.<anonymous> (/home/hellomoto/bitcore-wallet-service/emailservice/emailservice.js:13:14)
    at Module._compile (module.js:570:32)
    at Object.Module._extensions..js (module.js:579:10)
    at Module.load (module.js:487:32)
    at tryModuleLoad (module.js:446:12)
    at Function.Module._load (module.js:438:3)
    at Module.runMain (module.js:604:10)
    at run (bootstrap_node.js:383:7)
    at startup (bootstrap_node.js:149:9)
/home/hellomoto/bitcore-wallet-service/lib/emailservice.js:80
  self.defaultLanguage = opts.emailOpts.defaultLanguage || 'en';
                                       ^

TypeError: Cannot read property 'defaultLanguage' of undefined
    at EmailService.start (/home/hellomoto/bitcore-wallet-service/lib/emailservice.js:80:40)
    at Object.<anonymous> (/home/hellomoto/bitcore-wallet-service/emailservice/emailservice.js:13:14)
    at Module._compile (module.js:570:32)
    at Object.Module._extensions..js (module.js:579:10)
    at Module.load (module.js:487:32)
    at tryModuleLoad (module.js:446:12)
    at Function.Module._load (module.js:438:3)
    at Module.runMain (module.js:604:10)
    at run (bootstrap_node.js:383:7)
    at startup (bootstrap_node.js:149:9)
/home/hellomoto/bitcore-wallet-service/node_modules/bitcore-lib/lib/address.js:83
    keyId1: info.keyId1,
    ^^^^^^

SyntaxError: Unexpected identifier
    at createScript (vm.js:56:10)
    at Object.runInThisContext (vm.js:97:10)
    at Module._compile (module.js:542:28)
    at Object.Module._extensions..js (module.js:579:10)
    at Module.load (module.js:487:32)
    at tryModuleLoad (module.js:446:12)
    at Function.Module._load (module.js:438:3)
    at Module.require (module.js:497:17)
    at require (internal/module.js:20:19)
    at Object.<anonymous> (/home/hellomoto/bitcore-wallet-service/node_modules/bitcore-lib/index.js:45:19)
/home/hellomoto/bitcore-wallet-service/node_modules/bitcore-lib/lib/address.js:83
    keyId1: info.keyId1,
    ^^^^^^

SyntaxError: Unexpected identifier
    at createScript (vm.js:56:10)
    at Object.runInThisContext (vm.js:97:10)
    at Module._compile (module.js:542:28)
    at Object.Module._extensions..js (module.js:579:10)
    at Module.load (module.js:487:32)
    at tryModuleLoad (module.js:446:12)
    at Function.Module._load (module.js:438:3)
    at Module.require (module.js:497:17)
    at require (internal/module.js:20:19)
    at Object.<anonymous> (/home/hellomoto/bitcore-wallet-service/node_modules/bitcore-lib/index.js:45:19)
/home/hellomoto/bitcore-wallet-service/lib/emailservice.js:80
  self.defaultLanguage = opts.emailOpts.defaultLanguage || 'en';
                                       ^

TypeError: Cannot read property 'defaultLanguage' of undefined
    at EmailService.start (/home/hellomoto/bitcore-wallet-service/lib/emailservice.js:80:40)
    at Object.<anonymous> (/home/hellomoto/bitcore-wallet-service/emailservice/emailservice.js:13:14)
    at Module._compile (module.js:570:32)
    at Object.Module._extensions..js (module.js:579:10)
    at Module.load (module.js:487:32)
    at tryModuleLoad (module.js:446:12)
    at Function.Module._load (module.js:438:3)
    at Module.runMain (module.js:604:10)
    at run (bootstrap_node.js:383:7)
    at startup (bootstrap_node.js:149:9)
/home/hellomoto/bitcore-wallet-service/lib/emailservice.js:80
  self.defaultLanguage = opts.emailOpts.defaultLanguage || 'en';
                                       ^

TypeError: Cannot read property 'defaultLanguage' of undefined
    at EmailService.start (/home/hellomoto/bitcore-wallet-service/lib/emailservice.js:80:40)
    at Object.<anonymous> (/home/hellomoto/bitcore-wallet-service/emailservice/emailservice.js:13:14)
    at Module._compile (module.js:570:32)
    at Object.Module._extensions..js (module.js:579:10)
    at Module.load (module.js:487:32)
    at tryModuleLoad (module.js:446:12)
    at Function.Module._load (module.js:438:3)
    at Module.runMain (module.js:604:10)
    at run (bootstrap_node.js:383:7)
    at startup (bootstrap_node.js:149:9)
/home/hellomoto/bitcore-wallet-service/node_modules/bitcore-lib/lib/block/blockheader.js:107
    nonce: data.nonce
    ^^^^^

SyntaxError: Unexpected identifier
    at createScript (vm.js:56:10)
    at Object.runInThisContext (vm.js:97:10)
    at Module._compile (module.js:542:28)
    at Object.Module._extensions..js (module.js:579:10)
    at Module.load (module.js:487:32)
    at tryModuleLoad (module.js:446:12)
    at Function.Module._load (module.js:438:3)
    at Module.require (module.js:497:17)
    at require (internal/module.js:20:19)
    at Object.<anonymous> (/home/hellomoto/bitcore-wallet-service/node_modules/bitcore-lib/lib/block/block.js:4:19)
/home/hellomoto/bitcore-wallet-service/node_modules/bitcore-lib/lib/block/blockheader.js:194
    nonce: this.nonce
    ^^^^^

SyntaxError: Unexpected identifier
    at createScript (vm.js:56:10)
    at Object.runInThisContext (vm.js:97:10)
    at Module._compile (module.js:542:28)
    at Object.Module._extensions..js (module.js:579:10)
    at Module.load (module.js:487:32)
    at tryModuleLoad (module.js:446:12)
    at Function.Module._load (module.js:438:3)
    at Module.require (module.js:497:17)
    at require (internal/module.js:20:19)
    at Object.<anonymous> (/home/hellomoto/bitcore-wallet-service/node_modules/bitcore-lib/lib/block/block.js:4:19)
/home/hellomoto/bitcore-wallet-service/lib/emailservice.js:80
  self.defaultLanguage = opts.emailOpts.defaultLanguage || 'en';
                                       ^

TypeError: Cannot read property 'defaultLanguage' of undefined
    at EmailService.start (/home/hellomoto/bitcore-wallet-service/lib/emailservice.js:80:40)
    at Object.<anonymous> (/home/hellomoto/bitcore-wallet-service/emailservice/emailservice.js:13:14)
    at Module._compile (module.js:570:32)
    at Object.Module._extensions..js (module.js:579:10)
    at Module.load (module.js:487:32)
    at tryModuleLoad (module.js:446:12)
    at Function.Module._load (module.js:438:3)
    at Module.runMain (module.js:604:10)
    at run (bootstrap_node.js:383:7)
    at startup (bootstrap_node.js:149:9)
/home/hellomoto/bitcore-wallet-service/lib/emailservice.js:80
  self.defaultLanguage = opts.emailOpts.defaultLanguage || 'en';
                                       ^

TypeError: Cannot read property 'defaultLanguage' of undefined
    at EmailService.start (/home/hellomoto/bitcore-wallet-service/lib/emailservice.js:80:40)
    at Object.<anonymous> (/home/hellomoto/bitcore-wallet-service/emailservice/emailservice.js:13:14)
    at Module._compile (module.js:570:32)
    at Object.Module._extensions..js (module.js:579:10)
    at Module.load (module.js:487:32)
    at tryModuleLoad (module.js:446:12)
    at Function.Module._load (module.js:438:3)
    at Module.runMain (module.js:604:10)
    at run (bootstrap_node.js:383:7)
    at startup (bootstrap_node.js:149:9)
/home/hellomoto/bitcore-wallet-service/lib/emailservice.js:80
  self.defaultLanguage = opts.emailOpts.defaultLanguage || 'en';
                                       ^

TypeError: Cannot read property 'defaultLanguage' of undefined
    at EmailService.start (/home/hellomoto/bitcore-wallet-service/lib/emailservice.js:80:40)
    at Object.<anonymous> (/home/hellomoto/bitcore-wallet-service/emailservice/emailservice.js:13:14)
    at Module._compile (module.js:570:32)
    at Object.Module._extensions..js (module.js:579:10)
    at Module.load (module.js:487:32)
    at tryModuleLoad (module.js:446:12)
    at Function.Module._load (module.js:438:3)
    at Module.runMain (module.js:604:10)
    at run (bootstrap_node.js:383:7)
    at startup (bootstrap_node.js:149:9)
/home/hellomoto/bitcore-wallet-service/lib/emailservice.js:80
  self.defaultLanguage = opts.emailOpts.defaultLanguage || 'en';
                                       ^

TypeError: Cannot read property 'defaultLanguage' of undefined
    at EmailService.start (/home/hellomoto/bitcore-wallet-service/lib/emailservice.js:80:40)
    at Object.<anonymous> (/home/hellomoto/bitcore-wallet-service/emailservice/emailservice.js:13:14)
    at Module._compile (module.js:570:32)
    at Object.Module._extensions..js (module.js:579:10)
    at Module.load (module.js:487:32)
    at tryModuleLoad (module.js:446:12)
    at Function.Module._load (module.js:438:3)
    at Module.runMain (module.js:604:10)
    at run (bootstrap_node.js:383:7)
    at startup (bootstrap_node.js:149:9)
/home/hellomoto/bitcore-wallet-service/lib/emailservice.js:80
  self.defaultLanguage = opts.emailOpts.defaultLanguage || 'en';
                                       ^

TypeError: Cannot read property 'defaultLanguage' of undefined
    at EmailService.start (/home/hellomoto/bitcore-wallet-service/lib/emailservice.js:80:40)
    at Object.<anonymous> (/home/hellomoto/bitcore-wallet-service/emailservice/emailservice.js:13:14)
    at Module._compile (module.js:570:32)
    at Object.Module._extensions..js (module.js:579:10)
    at Module.load (module.js:487:32)
    at tryModuleLoad (module.js:446:12)
    at Function.Module._load (module.js:438:3)
    at Module.runMain (module.js:604:10)
    at run (bootstrap_node.js:383:7)
    at startup (bootstrap_node.js:149:9)
/home/hellomoto/bitcore-wallet-service/lib/emailservice.js:80
  self.defaultLanguage = opts.emailOpts.defaultLanguage || 'en';
                                       ^

TypeError: Cannot read property 'defaultLanguage' of undefined
    at EmailService.start (/home/hellomoto/bitcore-wallet-service/lib/emailservice.js:80:40)
    at Object.<anonymous> (/home/hellomoto/bitcore-wallet-service/emailservice/emailservice.js:13:14)
    at Module._compile (module.js:570:32)
    at Object.Module._extensions..js (module.js:579:10)
    at Module.load (module.js:487:32)
    at tryModuleLoad (module.js:446:12)
    at Function.Module._load (module.js:438:3)
    at Module.runMain (module.js:604:10)
    at run (bootstrap_node.js:383:7)
    at startup (bootstrap_node.js:149:9)
/home/hellomoto/bitcore-wallet-service/lib/emailservice.js:80
  self.defaultLanguage = opts.emailOpts.defaultLanguage || 'en';
                                       ^

TypeError: Cannot read property 'defaultLanguage' of undefined
    at EmailService.start (/home/hellomoto/bitcore-wallet-service/lib/emailservice.js:80:40)
    at Object.<anonymous> (/home/hellomoto/bitcore-wallet-service/emailservice/emailservice.js:13:14)
    at Module._compile (module.js:570:32)
    at Object.Module._extensions..js (module.js:579:10)
    at Module.load (module.js:487:32)
    at tryModuleLoad (module.js:446:12)
    at Function.Module._load (module.js:438:3)
    at Module.runMain (module.js:604:10)
    at run (bootstrap_node.js:383:7)
    at startup (bootstrap_node.js:149:9)
/home/hellomoto/bitcore-wallet-service/lib/emailservice.js:80
  self.defaultLanguage = opts.emailOpts.defaultLanguage || 'en';
                                       ^

TypeError: Cannot read property 'defaultLanguage' of undefined
    at EmailService.start (/home/hellomoto/bitcore-wallet-service/lib/emailservice.js:80:40)
    at Object.<anonymous> (/home/hellomoto/bitcore-wallet-service/emailservice/emailservice.js:13:14)
    at Module._compile (module.js:570:32)
    at Object.Module._extensions..js (module.js:579:10)
    at Module.load (module.js:487:32)
    at tryModuleLoad (module.js:446:12)
    at Function.Module._load (module.js:438:3)
    at Module.runMain (module.js:604:10)
    at run (bootstrap_node.js:383:7)
    at startup (bootstrap_node.js:149:9)
/home/hellomoto/bitcore-wallet-service/lib/emailservice.js:80
  self.defaultLanguage = opts.emailOpts.defaultLanguage || 'en';
                                       ^

TypeError: Cannot read property 'defaultLanguage' of undefined
    at EmailService.start (/home/hellomoto/bitcore-wallet-service/lib/emailservice.js:80:40)
    at Object.<anonymous> (/home/hellomoto/bitcore-wallet-service/emailservice/emailservice.js:13:14)
    at Module._compile (module.js:570:32)
    at Object.Module._extensions..js (module.js:579:10)
    at Module.load (module.js:487:32)
    at tryModuleLoad (module.js:446:12)
    at Function.Module._load (module.js:438:3)
    at Module.runMain (module.js:604:10)
    at run (bootstrap_node.js:383:7)
    at startup (bootstrap_node.js:149:9)
/home/hellomoto/bitcore-wallet-service/lib/emailservice.js:80
  self.defaultLanguage = opts.emailOpts.defaultLanguage || 'en';
                                       ^

TypeError: Cannot read property 'defaultLanguage' of undefined
    at EmailService.start (/home/hellomoto/bitcore-wallet-service/lib/emailservice.js:80:40)
    at Object.<anonymous> (/home/hellomoto/bitcore-wallet-service/emailservice/emailservice.js:13:14)
    at Module._compile (module.js:570:32)
    at Object.Module._extensions..js (module.js:579:10)
    at Module.load (module.js:487:32)
    at tryModuleLoad (module.js:446:12)
    at Function.Module._load (module.js:438:3)
    at Module.runMain (module.js:604:10)
    at run (bootstrap_node.js:383:7)
    at startup (bootstrap_node.js:149:9)
/home/hellomoto/bitcore-wallet-service/lib/emailservice.js:80
  self.defaultLanguage = opts.emailOpts.defaultLanguage || 'en';
                                       ^

TypeError: Cannot read property 'defaultLanguage' of undefined
    at EmailService.start (/home/hellomoto/bitcore-wallet-service/lib/emailservice.js:80:40)
    at Object.<anonymous> (/home/hellomoto/bitcore-wallet-service/emailservice/emailservice.js:13:14)
    at Module._compile (module.js:570:32)
    at Object.Module._extensions..js (module.js:579:10)
    at Module.load (module.js:487:32)
    at tryModuleLoad (module.js:446:12)
    at Function.Module._load (module.js:438:3)
    at Module.runMain (module.js:604:10)
    at run (bootstrap_node.js:383:7)
    at startup (bootstrap_node.js:149:9)
/home/hellomoto/bitcore-wallet-service/lib/emailservice.js:80
  self.defaultLanguage = opts.emailOpts.defaultLanguage || 'en';
                                       ^

TypeError: Cannot read property 'defaultLanguage' of undefined
    at EmailService.start (/home/hellomoto/bitcore-wallet-service/lib/emailservice.js:80:40)
    at Object.<anonymous> (/home/hellomoto/bitcore-wallet-service/emailservice/emailservice.js:13:14)
    at Module._compile (module.js:570:32)
    at Object.Module._extensions..js (module.js:579:10)
    at Module.load (module.js:487:32)
    at tryModuleLoad (module.js:446:12)
    at Function.Module._load (module.js:438:3)
    at Module.runMain (module.js:604:10)
    at run (bootstrap_node.js:383:7)
    at startup (bootstrap_node.js:149:9)
/home/hellomoto/bitcore-wallet-service/lib/emailservice.js:80
  self.defaultLanguage = opts.emailOpts.defaultLanguage || 'en';
                                       ^

TypeError: Cannot read property 'defaultLanguage' of undefined
    at EmailService.start (/home/hellomoto/bitcore-wallet-service/lib/emailservice.js:80:40)
    at Object.<anonymous> (/home/hellomoto/bitcore-wallet-service/emailservice/emailservice.js:13:14)
    at Module._compile (module.js:570:32)
    at Object.Module._extensions..js (module.js:579:10)
    at Module.load (module.js:487:32)
    at tryModuleLoad (module.js:446:12)
    at Function.Module._load (module.js:438:3)
    at Module.runMain (module.js:604:10)
    at run (bootstrap_node.js:383:7)
    at startup (bootstrap_node.js:149:9)
/home/hellomoto/bitcore-wallet-service/lib/emailservice.js:80
  self.defaultLanguage = opts.emailOpts.defaultLanguage || 'en';
                                       ^

TypeError: Cannot read property 'defaultLanguage' of undefined
    at EmailService.start (/home/hellomoto/bitcore-wallet-service/lib/emailservice.js:80:40)
    at Object.<anonymous> (/home/hellomoto/bitcore-wallet-service/emailservice/emailservice.js:13:14)
    at Module._compile (module.js:570:32)
    at Object.Module._extensions..js (module.js:579:10)
    at Module.load (module.js:487:32)
    at tryModuleLoad (module.js:446:12)
    at Function.Module._load (module.js:438:3)
    at Module.runMain (module.js:604:10)
    at run (bootstrap_node.js:383:7)
    at startup (bootstrap_node.js:149:9)
/home/hellomoto/bitcore-wallet-service/lib/emailservice.js:80
  self.defaultLanguage = opts.emailOpts.defaultLanguage || 'en';
                                       ^

TypeError: Cannot read property 'defaultLanguage' of undefined
    at EmailService.start (/home/hellomoto/bitcore-wallet-service/lib/emailservice.js:80:40)
    at Object.<anonymous> (/home/hellomoto/bitcore-wallet-service/emailservice/emailservice.js:13:14)
    at Module._compile (module.js:570:32)
    at Object.Module._extensions..js (module.js:579:10)
    at Module.load (module.js:487:32)
    at tryModuleLoad (module.js:446:12)
    at Function.Module._load (module.js:438:3)
    at Module.runMain (module.js:604:10)
    at run (bootstrap_node.js:383:7)
    at startup (bootstrap_node.js:149:9)
/home/hellomoto/bitcore-wallet-service/lib/emailservice.js:80
  self.defaultLanguage = opts.emailOpts.defaultLanguage || 'en';
                                       ^

TypeError: Cannot read property 'defaultLanguage' of undefined
    at EmailService.start (/home/hellomoto/bitcore-wallet-service/lib/emailservice.js:80:40)
    at Object.<anonymous> (/home/hellomoto/bitcore-wallet-service/emailservice/emailservice.js:13:14)
    at Module._compile (module.js:570:32)
    at Object.Module._extensions..js (module.js:579:10)
    at Module.load (module.js:487:32)
    at tryModuleLoad (module.js:446:12)
    at Function.Module._load (module.js:438:3)
    at Module.runMain (module.js:604:10)
    at run (bootstrap_node.js:383:7)
    at startup (bootstrap_node.js:149:9)
/home/hellomoto/bitcore-wallet-service/lib/emailservice.js:80
  self.defaultLanguage = opts.emailOpts.defaultLanguage || 'en';
                                       ^

TypeError: Cannot read property 'defaultLanguage' of undefined
    at EmailService.start (/home/hellomoto/bitcore-wallet-service/lib/emailservice.js:80:40)
    at Object.<anonymous> (/home/hellomoto/bitcore-wallet-service/emailservice/emailservice.js:13:14)
    at Module._compile (module.js:570:32)
    at Object.Module._extensions..js (module.js:579:10)
    at Module.load (module.js:487:32)
    at tryModuleLoad (module.js:446:12)
    at Function.Module._load (module.js:438:3)
    at Module.runMain (module.js:604:10)
    at run (bootstrap_node.js:383:7)
    at startup (bootstrap_node.js:149:9)
/home/hellomoto/bitcore-wallet-service/lib/emailservice.js:80
  self.defaultLanguage = opts.emailOpts.defaultLanguage || 'en';
                                       ^

TypeError: Cannot read property 'defaultLanguage' of undefined
    at EmailService.start (/home/hellomoto/bitcore-wallet-service/lib/emailservice.js:80:40)
    at Object.<anonymous> (/home/hellomoto/bitcore-wallet-service/emailservice/emailservice.js:13:14)
    at Module._compile (module.js:570:32)
    at Object.Module._extensions..js (module.js:579:10)
    at Module.load (module.js:487:32)
    at tryModuleLoad (module.js:446:12)
    at Function.Module._load (module.js:438:3)
    at Module.runMain (module.js:604:10)
    at run (bootstrap_node.js:383:7)
    at startup (bootstrap_node.js:149:9)
/home/hellomoto/bitcore-wallet-service/lib/emailservice.js:80
  self.defaultLanguage = opts.emailOpts.defaultLanguage || 'en';
                                       ^

TypeError: Cannot read property 'defaultLanguage' of undefined
    at EmailService.start (/home/hellomoto/bitcore-wallet-service/lib/emailservice.js:80:40)
    at Object.<anonymous> (/home/hellomoto/bitcore-wallet-service/emailservice/emailservice.js:13:14)
    at Module._compile (module.js:570:32)
    at Object.Module._extensions..js (module.js:579:10)
    at Module.load (module.js:487:32)
    at tryModuleLoad (module.js:446:12)
    at Function.Module._load (module.js:438:3)
    at Module.runMain (module.js:604:10)
    at run (bootstrap_node.js:383:7)
    at startup (bootstrap_node.js:149:9)
/home/hellomoto/bitcore-wallet-service/lib/emailservice.js:80
  self.defaultLanguage = opts.emailOpts.defaultLanguage || 'en';
                                       ^

TypeError: Cannot read property 'defaultLanguage' of undefined
    at EmailService.start (/home/hellomoto/bitcore-wallet-service/lib/emailservice.js:80:40)
    at Object.<anonymous> (/home/hellomoto/bitcore-wallet-service/emailservice/emailservice.js:13:14)
    at Module._compile (module.js:570:32)
    at Object.Module._extensions..js (module.js:579:10)
    at Module.load (module.js:487:32)
    at tryModuleLoad (module.js:446:12)
    at Function.Module._load (module.js:438:3)
    at Module.runMain (module.js:604:10)
    at run (bootstrap_node.js:383:7)
    at startup (bootstrap_node.js:149:9)
/home/hellomoto/bitcore-wallet-service/lib/emailservice.js:80
  self.defaultLanguage = opts.emailOpts.defaultLanguage || 'en';
                                       ^

TypeError: Cannot read property 'defaultLanguage' of undefined
    at EmailService.start (/home/hellomoto/bitcore-wallet-service/lib/emailservice.js:80:40)
    at Object.<anonymous> (/home/hellomoto/bitcore-wallet-service/emailservice/emailservice.js:13:14)
    at Module._compile (module.js:570:32)
    at Object.Module._extensions..js (module.js:579:10)
    at Module.load (module.js:487:32)
    at tryModuleLoad (module.js:446:12)
    at Function.Module._load (module.js:438:3)
    at Module.runMain (module.js:604:10)
    at run (bootstrap_node.js:383:7)
    at startup (bootstrap_node.js:149:9)
/home/hellomoto/bitcore-wallet-service/lib/emailservice.js:80
  self.defaultLanguage = opts.emailOpts.defaultLanguage || 'en';
                                       ^

TypeError: Cannot read property 'defaultLanguage' of undefined
    at EmailService.start (/home/hellomoto/bitcore-wallet-service/lib/emailservice.js:80:40)
    at Object.<anonymous> (/home/hellomoto/bitcore-wallet-service/emailservice/emailservice.js:13:14)
    at Module._compile (module.js:570:32)
    at Object.Module._extensions..js (module.js:579:10)
    at Module.load (module.js:487:32)
    at tryModuleLoad (module.js:446:12)
    at Function.Module._load (module.js:438:3)
    at Module.runMain (module.js:604:10)
    at run (bootstrap_node.js:383:7)
    at startup (bootstrap_node.js:149:9)
/home/hellomoto/bitcore-wallet-service/lib/emailservice.js:80
  self.defaultLanguage = opts.emailOpts.defaultLanguage || 'en';
                                       ^

TypeError: Cannot read property 'defaultLanguage' of undefined
    at EmailService.start (/home/hellomoto/bitcore-wallet-service/lib/emailservice.js:80:40)
    at Object.<anonymous> (/home/hellomoto/bitcore-wallet-service/emailservice/emailservice.js:13:14)
    at Module._compile (module.js:570:32)
    at Object.Module._extensions..js (module.js:579:10)
    at Module.load (module.js:487:32)
    at tryModuleLoad (module.js:446:12)
    at Function.Module._load (module.js:438:3)
    at Module.runMain (module.js:604:10)
    at run (bootstrap_node.js:383:7)
    at startup (bootstrap_node.js:149:9)
/home/hellomoto/bitcore-wallet-service/lib/emailservice.js:80
  self.defaultLanguage = opts.emailOpts.defaultLanguage || 'en';
                                       ^

TypeError: Cannot read property 'defaultLanguage' of undefined
    at EmailService.start (/home/hellomoto/bitcore-wallet-service/lib/emailservice.js:80:40)
    at Object.<anonymous> (/home/hellomoto/bitcore-wallet-service/emailservice/emailservice.js:13:14)
    at Module._compile (module.js:570:32)
    at Object.Module._extensions..js (module.js:579:10)
    at Module.load (module.js:487:32)
    at tryModuleLoad (module.js:446:12)
    at Function.Module._load (module.js:438:3)
    at Module.runMain (module.js:604:10)
    at run (bootstrap_node.js:383:7)
    at startup (bootstrap_node.js:149:9)
/home/hellomoto/bitcore-wallet-service/lib/emailservice.js:80
  self.defaultLanguage = opts.emailOpts.defaultLanguage || 'en';
                                       ^

TypeError: Cannot read property 'defaultLanguage' of undefined
    at EmailService.start (/home/hellomoto/bitcore-wallet-service/lib/emailservice.js:80:40)
    at Object.<anonymous> (/home/hellomoto/bitcore-wallet-service/emailservice/emailservice.js:13:14)
    at Module._compile (module.js:570:32)
    at Object.Module._extensions..js (module.js:579:10)
    at Module.load (module.js:487:32)
    at tryModuleLoad (module.js:446:12)
    at Function.Module._load (module.js:438:3)
    at Module.runMain (module.js:604:10)
    at run (bootstrap_node.js:383:7)
    at startup (bootstrap_node.js:149:9)
/home/hellomoto/bitcore-wallet-service/lib/emailservice.js:80
  self.defaultLanguage = opts.emailOpts.defaultLanguage || 'en';
                                       ^

TypeError: Cannot read property 'defaultLanguage' of undefined
    at EmailService.start (/home/hellomoto/bitcore-wallet-service/lib/emailservice.js:80:40)
    at Object.<anonymous> (/home/hellomoto/bitcore-wallet-service/emailservice/emailservice.js:13:14)
    at Module._compile (module.js:570:32)
    at Object.Module._extensions..js (module.js:579:10)
    at Module.load (module.js:487:32)
    at tryModuleLoad (module.js:446:12)
    at Function.Module._load (module.js:438:3)
    at Module.runMain (module.js:604:10)
    at run (bootstrap_node.js:383:7)
    at startup (bootstrap_node.js:149:9)
/home/hellomoto/bitcore-wallet-service/lib/emailservice.js:80
  self.defaultLanguage = opts.emailOpts.defaultLanguage || 'en';
                                       ^

TypeError: Cannot read property 'defaultLanguage' of undefined
    at EmailService.start (/home/hellomoto/bitcore-wallet-service/lib/emailservice.js:80:40)
    at Object.<anonymous> (/home/hellomoto/bitcore-wallet-service/emailservice/emailservice.js:13:14)
    at Module._compile (module.js:570:32)
    at Object.Module._extensions..js (module.js:579:10)
    at Module.load (module.js:487:32)
    at tryModuleLoad (module.js:446:12)
    at Function.Module._load (module.js:438:3)
    at Module.runMain (module.js:604:10)
    at run (bootstrap_node.js:383:7)
    at startup (bootstrap_node.js:149:9)
/home/hellomoto/bitcore-wallet-service/lib/emailservice.js:80
  self.defaultLanguage = opts.emailOpts.defaultLanguage || 'en';
                                       ^

TypeError: Cannot read property 'defaultLanguage' of undefined
    at EmailService.start (/home/hellomoto/bitcore-wallet-service/lib/emailservice.js:80:40)
    at Object.<anonymous> (/home/hellomoto/bitcore-wallet-service/emailservice/emailservice.js:13:14)
    at Module._compile (module.js:570:32)
    at Object.Module._extensions..js (module.js:579:10)
    at Module.load (module.js:487:32)
    at tryModuleLoad (module.js:446:12)
    at Function.Module._load (module.js:438:3)
    at Module.runMain (module.js:604:10)
    at run (bootstrap_node.js:383:7)
    at startup (bootstrap_node.js:149:9)
/home/hellomoto/bitcore-wallet-service/lib/emailservice.js:80
  self.defaultLanguage = opts.emailOpts.defaultLanguage || 'en';
                                       ^

TypeError: Cannot read property 'defaultLanguage' of undefined
    at EmailService.start (/home/hellomoto/bitcore-wallet-service/lib/emailservice.js:80:40)
    at Object.<anonymous> (/home/hellomoto/bitcore-wallet-service/emailservice/emailservice.js:13:14)
    at Module._compile (module.js:570:32)
    at Object.Module._extensions..js (module.js:579:10)
    at Module.load (module.js:487:32)
    at tryModuleLoad (module.js:446:12)
    at Function.Module._load (module.js:438:3)
    at Module.runMain (module.js:604:10)
    at run (bootstrap_node.js:383:7)
    at startup (bootstrap_node.js:149:9)
module.js:471
    throw err;
    ^

Error: Cannot find module 'bitcore-lib'
    at Function.Module._resolveFilename (module.js:469:15)
    at Function.Module._load (module.js:417:25)
    at Module.require (module.js:497:17)
    at require (internal/module.js:20:19)
    at Object.<anonymous> (/home/hellomoto/bitcore-wallet-service/lib/common/utils.js:4:15)
    at Module._compile (module.js:570:32)
    at Object.Module._extensions..js (module.js:579:10)
    at Module.load (module.js:487:32)
    at tryModuleLoad (module.js:446:12)
    at Function.Module._load (module.js:438:3)
