Server started at port 3231...
module.js:471
    throw err;
    ^

Error: Cannot find module 'locker-server'
    at Function.Module._resolveFilename (module.js:469:15)
    at Function.Module._load (module.js:417:25)
    at Module.require (module.js:497:17)
    at require (internal/module.js:20:19)
    at Object.<anonymous> (/home/hellomoto/bitcore-wallet-service/locker/locker.js:6:14)
    at Module._compile (module.js:570:32)
    at Object.Module._extensions..js (module.js:579:10)
    at Module.load (module.js:487:32)
    at tryModuleLoad (module.js:446:12)
    at Function.Module._load (module.js:438:3)
Server started at port 3231...
module.js:471
    throw err;
    ^

Error: Cannot find module 'locker-server'
    at Function.Module._resolveFilename (module.js:469:15)
    at Function.Module._load (module.js:417:25)
    at Module.require (module.js:497:17)
    at require (internal/module.js:20:19)
    at Object.<anonymous> (/home/hellomoto/bitcore-wallet-service/locker/locker.js:6:14)
    at Module._compile (module.js:570:32)
    at Object.Module._extensions..js (module.js:579:10)
    at Module.load (module.js:487:32)
    at tryModuleLoad (module.js:446:12)
    at Function.Module._load (module.js:438:3)
Server started at port 3231...
Server started at port 3231...
Server started at port 3231...
Server started at port 3231...
Server started at port 3231...
Server started at port 3231...
Server started at port 3231...
Server started at port 3231...
Server started at port 3231...
Server started at port 3231...
Server started at port 3231...
Server started at port 3231...
Server started at port 3231...
Server started at port 3231...
Server started at port 3231...
Server started at port 3231...
Server started at port 3231...
Server started at port 3231...
Server started at port 3231...
Server started at port 3231...
Server started at port 3231...
Server started at port 3231...
Server started at port 3231...
Server started at port 3231...
Server started at port 3231...
Server started at port 3231...
Server started at port 3231...
Server started at port 3231...
Server started at port 3231...
Server started at port 3231...
Server started at port 3231...
Server started at port 3231...
Server started at port 3231...
Server started at port 3231...
Server started at port 3231...
Server started at port 3231...
Server started at port 3231...
events.js:160
      throw er; // Unhandled 'error' event
      ^

Error: listen EADDRINUSE :::3231
    at Object.exports._errnoException (util.js:1020:11)
    at exports._exceptionWithHostPort (util.js:1043:20)
    at Server._listen2 (net.js:1262:14)
    at listen (net.js:1298:10)
    at Server.listen (net.js:1394:5)
    at Locker.listen (/home/hellomoto/bitcore-wallet-service/node_modules/locker-server/index.js:103:28)
    at Object.<anonymous> (/home/hellomoto/bitcore-wallet-service/locker/locker.js:9:8)
    at Module._compile (module.js:570:32)
    at Object.Module._extensions..js (module.js:579:10)
    at Module.load (module.js:487:32)
Server started at port 3231...
events.js:160
      throw er; // Unhandled 'error' event
      ^

Error: listen EADDRINUSE :::3231
    at Object.exports._errnoException (util.js:1020:11)
    at exports._exceptionWithHostPort (util.js:1043:20)
    at Server._listen2 (net.js:1262:14)
    at listen (net.js:1298:10)
    at Server.listen (net.js:1394:5)
    at Locker.listen (/home/hellomoto/bitcore-wallet-service/node_modules/locker-server/index.js:103:28)
    at Object.<anonymous> (/home/hellomoto/bitcore-wallet-service/locker/locker.js:9:8)
    at Module._compile (module.js:570:32)
    at Object.Module._extensions..js (module.js:579:10)
    at Module.load (module.js:487:32)
Server started at port 3231...
Server started at port 3231...
Server started at port 3231...
Server started at port 3231...
Server started at port 3231...
Server started at port 3231...
Server started at port 3231...
Server started at port 3231...
Server started at port 3231...
Server started at port 3231...
Server started at port 3231...
Server started at port 3231...
Server started at port 3231...
Server started at port 3231...
Server started at port 3231...
Server started at port 3231...
Server started at port 3231...
Server started at port 3231...
Server started at port 3231...
Server started at port 3231...
Server started at port 3231...
Server started at port 3231...
Server started at port 3231...
events.js:160
      throw er; // Unhandled 'error' event
      ^

Error: listen EADDRINUSE :::3231
    at Object.exports._errnoException (util.js:1020:11)
    at exports._exceptionWithHostPort (util.js:1043:20)
    at Server._listen2 (net.js:1262:14)
    at listen (net.js:1298:10)
    at Server.listen (net.js:1394:5)
    at Locker.listen (/home/hellomoto/bitcore-wallet-service/node_modules/locker-server/index.js:103:28)
    at Object.<anonymous> (/home/hellomoto/bitcore-wallet-service/locker/locker.js:9:8)
    at Module._compile (module.js:570:32)
    at Object.Module._extensions..js (module.js:579:10)
    at Module.load (module.js:487:32)
Server started at port 3231...
Server started at port 3231...
